START LOG
2022-10-28 18:19 [showInitialView] 	 [사용자 정보] 사용자 정보 없음
2022-10-28 18:19 [login] 	 [사용자 정보] 20100123
2022-10-28 18:19 [showMenu] 	 [사용자 정보] 20100123
START LOG
2022-10-28 18:23 [showInitialView] 	 [사용자 정보] 사용자 정보 없음
2022-10-28 18:24 [login] 	 [사용자 정보] 20100123
2022-10-28 18:24 [showMenu] 	 [사용자 정보] 20100123
START LOG
2022-10-28 18:31 [showInitialView] 	 [사용자 정보] 사용자 정보 없음
2022-10-28 18:31 [login] 	 [사용자 정보] 20100123
2022-10-28 18:31 [showMenu] 	 [사용자 정보] 20100123
START LOG
2022-10-28 19:05 [showInitialView] 	 [사용자 정보] 사용자 정보 없음
2022-10-28 19:05 [login] 	 [사용자 정보] 20100123
2022-10-28 19:05 [showMenu] 	 [사용자 정보] 20100123
START LOG
2022-10-28 19:38 [showInitialView] 	 [사용자 정보] 사용자 정보 없음
2022-10-28 19:38 [login] 	 [사용자 정보] 20100123
2022-10-28 19:38 [showMenu] 	 [사용자 정보] 20100123
START LOG
2022-10-28 19:41 [showInitialView] 	 [사용자 정보] 사용자 정보 없음
END LOG
START LOG
2022-10-28 19:48 [showInitialView] 	 [사용자 정보] 사용자 정보 없음
2022-10-28 19:49 [login] 	 [사용자 정보] 60201976
2022-10-28 19:49 [showInitialView] 	 [사용자 정보] 사용자 정보 없음
2022-10-28 19:49 [login] 	 [사용자 정보] 20100123
2022-10-28 19:49 [showMenu] 	 [사용자 정보] 20100123
END LOG
END LOG
END LOG
END LOG
