START LOG
2022-11-03 21:38 [Client: showInitialView] 	 [사용자 정보] 사용자 정보 없음
2022-11-03 21:38 [Client: signUP] 	 [사용자 정보] 60201976
2022-11-03 21:38 [Client: showMenu] 	 [사용자 정보] 60201976
2022-11-03 21:38 [Client: showData] 	 [사용자 정보] 60201976
2022-11-03 21:38 [Client: showMenu] 	 [사용자 정보] 60201976
2022-11-03 21:38 [Client: showData] 	 [사용자 정보] 60201976
2022-11-03 21:38 [Client: showMenu] 	 [사용자 정보] 60201976
END LOG
START LOG
2022-11-03 21:40 [Client: showInitialView] 	 [사용자 정보] 사용자 정보 없음
2022-11-03 21:41 [Client: login] 	 [사용자 정보] 60201976
2022-11-03 21:41 [Client: showMenu] 	 [사용자 정보] 60201976
2022-11-03 21:41 [Client: showData] 	 [사용자 정보] 60201976
2022-11-03 21:41 [Client: showMenu] 	 [사용자 정보] 60201976
START LOG
2022-11-04 00:19 [Client: showInitialView] 	 [사용자 정보] 사용자 정보 없음
END LOG
START LOG
2022-11-04 00:22 [Client: showInitialView] 	 [사용자 정보] 사용자 정보 없음
END LOG
START LOG
2022-11-04 00:44 [Client: showInitialView] 	 [사용자 정보] 사용자 정보 없음
2022-11-04 00:45 [Client: signUP] 	 [사용자 정보] 60201976
2022-11-04 00:45 [Client: showInitialView] 	 [사용자 정보] 사용자 정보 없음
2022-11-04 00:45 [Client: login] 	 [사용자 정보] 60201976
2022-11-04 00:45 [Client: showMenu] 	 [사용자 정보] 60201976
2022-11-04 00:45 [Client: showData] 	 [사용자 정보] 60201976
2022-11-04 00:45 [Client: showMenu] 	 [사용자 정보] 60201976
END LOG
START LOG
2022-11-04 01:40 [Client: showInitialView] 	 [사용자 정보] 사용자 정보 없음
END LOG
START LOG
2022-11-04 01:40 [Client: showInitialView] 	 [사용자 정보] 사용자 정보 없음
END LOG
START LOG
2022-11-04 01:40 [Client: showInitialView] 	 [사용자 정보] 사용자 정보 없음
END LOG
START LOG
2022-11-04 01:46 [Client: showInitialView] 	 [사용자 정보] 사용자 정보 없음
END LOG
START LOG
2022-11-04 01:49 [Client: showInitialView] 	 [사용자 정보] 사용자 정보 없음
END LOG
START LOG
2022-11-04 01:49 [Client: showInitialView] 	 [사용자 정보] 사용자 정보 없음
END LOG
START LOG
2022-11-04 01:52 [Client: showInitialView] 	 [사용자 정보] 사용자 정보 없음
END LOG
START LOG
2022-11-04 01:56 [Client: showInitialView] 	 [사용자 정보] 사용자 정보 없음
END LOG
START LOG
2022-11-04 02:00 [Client: showInitialView] 	 [사용자 정보] 사용자 정보 없음
END LOG
START LOG
2022-11-04 02:02 [Client: showInitialView] 	 [사용자 정보] 사용자 정보 없음
END LOG
START LOG
2022-11-04 02:07 [Client: showInitialView] 	 [사용자 정보] 사용자 정보 없음
2022-11-04 02:07 [Client: login] 	 [사용자 정보] asdf
2022-11-04 02:07 [Client: showInitialView] 	 [사용자 정보] 사용자 정보 없음
2022-11-04 02:07 [Client: login] 	 [사용자 정보] 20100123
2022-11-04 02:07 [Client: showMenu] 	 [사용자 정보] 20100123
2022-11-04 02:07 [Client: showData] 	 [사용자 정보] 20100123
2022-11-04 02:07 [Client: showMenu] 	 [사용자 정보] 20100123
2022-11-04 02:07 [Client: showData] 	 [사용자 정보] 20100123
2022-11-04 02:07 [Client: showMenu] 	 [사용자 정보] 20100123
2022-11-04 02:08 [Client: showData] 	 [사용자 정보] 20100123
2022-11-04 02:08 [Client: showMenu] 	 [사용자 정보] 20100123
2022-11-04 02:08 [Client: addStudent] 	 [사용자 정보] 20100123
2022-11-04 02:08 [Client: showMenu] 	 [사용자 정보] 20100123
2022-11-04 02:08 [Client: showData] 	 [사용자 정보] 20100123
2022-11-04 02:08 [Client: showMenu] 	 [사용자 정보] 20100123
2022-11-04 02:08 [Client: showInitialView] 	 [사용자 정보] 사용자 정보 없음
2022-11-04 02:08 [Client: signUP] 	 [사용자 정보] 60201976
2022-11-04 02:08 [Client: showInitialView] 	 [사용자 정보] 사용자 정보 없음
