START LOG
2022-11-03 21:38 [Server: signUP] 	 [사용자 정보] null
2022-11-03 21:38 [Server: sendSeverStudentForLog] 	 [사용자 정보] 60201976
2022-11-03 21:38 [Server: getAllStudentData] 	 [사용자 정보] 60201976
2022-11-03 21:38 [Server: getAllCourseList] 	 [사용자 정보] 60201976
2022-11-03 21:41 [Server: login] 	 [사용자 정보] 60201976
2022-11-03 21:41 [Server: sendSeverStudentForLog] 	 [사용자 정보] 60201976
2022-11-03 21:41 [Server: getAllCourseList] 	 [사용자 정보] 60201976
START LOG
2022-11-04 00:19 [Server: signUP] 	 [사용자 정보] null
END LOG
START LOG
2022-11-04 00:22 [Server: signUP] 	 [사용자 정보] null
END LOG
START LOG
2022-11-04 00:45 [Server: signUP] 	 [사용자 정보] null
2022-11-04 00:45 [Server: login] 	 [사용자 정보] null
2022-11-04 00:45 [Server: sendSeverStudentForLog] 	 [사용자 정보] 60201976
2022-11-04 00:45 [Server: getAllStudentData] 	 [사용자 정보] 60201976
END LOG
START LOG
2022-11-04 01:40 [Server: signUP] 	 [사용자 정보] null
2022-11-04 01:41 [Server: login] 	 [사용자 정보] null
2022-11-04 01:46 [Server: login] 	 [사용자 정보] null
2022-11-04 01:49 [Server: login] 	 [사용자 정보] null
2022-11-04 01:49 [Server: login] 	 [사용자 정보] null
2022-11-04 01:52 [Server: login] 	 [사용자 정보] null
END LOG
START LOG
2022-11-04 01:56 [Server: login] 	 [사용자 정보] null
2022-11-04 02:00 [Server: login] 	 [사용자 정보] null
2022-11-04 02:02 [Server: login] 	 [사용자 정보] null
2022-11-04 02:03 [Server: login] 	 [사용자 정보] null
END LOG
START LOG
2022-11-04 02:07 [Server: login] 	 [사용자 정보] null
2022-11-04 02:07 [Server: login] 	 [사용자 정보] null
2022-11-04 02:07 [Server: sendSeverStudentForLog] 	 [사용자 정보] 20100123
2022-11-04 02:07 [Server: getAllStudentData] 	 [사용자 정보] 20100123
2022-11-04 02:07 [Server: getAllCourseList] 	 [사용자 정보] 20100123
2022-11-04 02:08 [Server: getAllStudentData] 	 [사용자 정보] 20100123
2022-11-04 02:08 [Server: addStudent] 	 [사용자 정보] 20100123
2022-11-04 02:08 [Server: getAllReservationList] 	 [사용자 정보] 20100123
2022-11-04 02:08 [Server: signUP] 	 [사용자 정보] 20100123
